<?xml version="1.0" encoding="UTF-8"?>
<!-- Generated by org.testng.reporters.JUnitXMLReporter -->
<testsuite ignored="0" hostname="Saraths-MacBook-Pro.local" failures="3" tests="3" name="Default test" time="11.171" errors="0" timestamp="2024-01-19T19:37:05 PST">
  <testcase classname="io.cucumber.testng.AbstractTestNGCucumberTests" name="runScenario" time="3.844">
    <failure type="java.lang.NullPointerException" message="Cannot invoke &amp;quot;pageFactory.Homepage.clickonstackbutton()&amp;quot; because &amp;quot;this.homepage&amp;quot; is null">
      <![CDATA[java.lang.NullPointerException: Cannot invoke "pageFactory.Homepage.clickonstackbutton()" because "this.homepage" is null
at StepDefinitions.Stack_SD.user_clicks_get_started_button_in_stack_pane(Stack_SD.java:32)
at ✽.User clicks Get Started button in Stack pane(file:///Users/sarathkumar/eclipse-workspace/DSAlgo/src/test/resources/Features/Stack.feature:5)
]]>
    </failure>
  </testcase> <!-- runScenario -->
  <testcase classname="io.cucumber.testng.AbstractTestNGCucumberTests" name="runScenario" time="3.277">
    <failure type="java.lang.NullPointerException" message="Cannot invoke &amp;quot;pageFactory.Homepage.clickonstackbutton()&amp;quot; because &amp;quot;this.homepage&amp;quot; is null">
      <![CDATA[java.lang.NullPointerException: Cannot invoke "pageFactory.Homepage.clickonstackbutton()" because "this.homepage" is null
at StepDefinitions.Stack_SD.user_clicks_get_started_button_in_stack_pane(Stack_SD.java:32)
at ✽.User clicks Get Started button in Stack pane(file:///Users/sarathkumar/eclipse-workspace/DSAlgo/src/test/resources/Features/Stack.feature:5)
]]>
    </failure>
  </testcase> <!-- runScenario -->
  <testcase classname="io.cucumber.testng.AbstractTestNGCucumberTests" name="runScenario" time="3.581">
    <failure type="java.lang.NullPointerException" message="Cannot invoke &amp;quot;pageFactory.Homepage.clickonstackbutton()&amp;quot; because &amp;quot;this.homepage&amp;quot; is null">
      <![CDATA[java.lang.NullPointerException: Cannot invoke "pageFactory.Homepage.clickonstackbutton()" because "this.homepage" is null
at StepDefinitions.Stack_SD.user_clicks_get_started_button_in_stack_pane(Stack_SD.java:32)
at ✽.User clicks Get Started button in Stack pane(file:///Users/sarathkumar/eclipse-workspace/DSAlgo/src/test/resources/Features/Stack.feature:5)
]]>
    </failure>
  </testcase> <!-- runScenario -->
</testsuite> <!-- Default test -->
